<?xml version="1.0" encoding="UTF-8" ?>
<testsuite errors="0" failures="0" hostname="lishoubo.local" name="com.ssl.curriculum.math.presenter.NavigationPresenterTest" tests="1" time="2.591" timestamp="2012-07-18T07:23:41">
  <properties>
[...]
</properties>
  <testcase classname="com.ssl.curriculum.math.presenter.NavigationPresenterTest" name="test_should_load_data_and_update_view" time="2.326" />
  <system-out><![CDATA[Warning: an error occurred while binding shadow class: ShadowGeoPoint
Warning: an error occurred while binding shadow class: ShadowItemizedOverlay
Warning: an error occurred while binding shadow class: ShadowMapController
Warning: an error occurred while binding shadow class: ShadowMapActivity
Warning: an error occurred while binding shadow class: ShadowMapView
Warning: an error occurred while binding shadow class: ShadowNdefMessage
Warning: an error occurred while binding shadow class: ShadowNdefRecord
Warning: an error occurred while binding shadow class: ShadowNfcAdapter
Warning: an error occurred while binding shadow class: ShadowOverlayItem
]]></system-out>
  <system-err><![CDATA[]]></system-err>
</testsuite>
